<?xml version="1.0" encoding="UTF-8"?>
<coverage generated="1681610406298" clover="3.2.0">
  <project timestamp="1681610406298" name="All files">
    <metrics statements="239" coveredstatements="151" conditionals="38" coveredconditionals="7" methods="65" coveredmethods="28" elements="342" coveredelements="186" complexity="0" loc="239" ncloc="239" packages="9" files="22" classes="22"/>
    <package name="client">
      <metrics statements="19" coveredstatements="18" conditionals="8" coveredconditionals="1" methods="2" coveredmethods="1"/>
      <file name="hooks.ts" path="/Users/sarahlewis/Devacademy/final-project/sims-final-project/client/hooks.ts">
        <metrics statements="3" coveredstatements="3" conditionals="0" coveredconditionals="0" methods="0" coveredmethods="0"/>
        <line num="2" count="5" type="stmt"/>
        <line num="6" count="5" type="stmt"/>
        <line num="7" count="5" type="stmt"/>
      </file>
      <file name="store.ts" path="/Users/sarahlewis/Devacademy/final-project/sims-final-project/client/store.ts">
        <metrics statements="7" coveredstatements="7" conditionals="0" coveredconditionals="0" methods="0" coveredmethods="0"/>
        <line num="1" count="1" type="stmt"/>
        <line num="3" count="1" type="stmt"/>
        <line num="5" count="1" type="stmt"/>
        <line num="9" count="1" type="stmt"/>
        <line num="13" count="1" type="stmt"/>
        <line num="14" count="1" type="stmt"/>
        <line num="15" count="1" type="stmt"/>
      </file>
      <file name="test-utils.tsx" path="/Users/sarahlewis/Devacademy/final-project/sims-final-project/client/test-utils.tsx">
        <metrics statements="9" coveredstatements="8" conditionals="8" coveredconditionals="1" methods="2" coveredmethods="1"/>
        <line num="2" count="1" type="stmt"/>
        <line num="3" count="1" type="stmt"/>
        <line num="5" count="1" type="stmt"/>
        <line num="6" count="1" type="stmt"/>
        <line num="7" count="1" type="stmt"/>
        <line num="9" count="1" type="stmt"/>
        <line num="13" count="0" type="stmt"/>
        <line num="23" count="1" type="stmt"/>
        <line num="39" count="2" type="stmt"/>
      </file>
    </package>
    <package name="client.apis">
      <metrics statements="10" coveredstatements="5" conditionals="0" coveredconditionals="0" methods="3" coveredmethods="0"/>
      <file name="api.ts" path="/Users/sarahlewis/Devacademy/final-project/sims-final-project/client/apis/api.ts">
        <metrics statements="10" coveredstatements="5" conditionals="0" coveredconditionals="0" methods="3" coveredmethods="0"/>
        <line num="1" count="3" type="stmt"/>
        <line num="4" count="3" type="stmt"/>
        <line num="6" count="3" type="stmt"/>
        <line num="7" count="0" type="stmt"/>
        <line num="8" count="0" type="stmt"/>
        <line num="11" count="3" type="stmt"/>
        <line num="12" count="0" type="stmt"/>
        <line num="13" count="0" type="stmt"/>
        <line num="16" count="3" type="stmt"/>
        <line num="17" count="0" type="stmt"/>
      </file>
    </package>
    <package name="client.components">
      <metrics statements="146" coveredstatements="71" conditionals="22" coveredconditionals="5" methods="43" coveredmethods="14"/>
      <file name="Canvas.tsx" path="/Users/sarahlewis/Devacademy/final-project/sims-final-project/client/components/Canvas.tsx">
        <metrics statements="21" coveredstatements="8" conditionals="5" coveredconditionals="0" methods="5" coveredmethods="1"/>
        <line num="1" count="1" type="stmt"/>
        <line num="2" count="1" type="stmt"/>
        <line num="3" count="1" type="stmt"/>
        <line num="17" count="2" type="stmt"/>
        <line num="18" count="2" type="stmt"/>
        <line num="21" count="0" type="stmt"/>
        <line num="31" count="0" type="cond" truecount="0" falsecount="4"/>
        <line num="32" count="0" type="stmt"/>
        <line num="33" count="0" type="stmt"/>
        <line num="34" count="0" type="stmt"/>
        <line num="35" count="0" type="stmt"/>
        <line num="36" count="0" type="stmt"/>
        <line num="37" count="0" type="stmt"/>
        <line num="41" count="0" type="stmt"/>
        <line num="42" count="0" type="stmt"/>
        <line num="43" count="0" type="cond" truecount="0" falsecount="1"/>
        <line num="44" count="0" type="stmt"/>
        <line num="45" count="0" type="stmt"/>
        <line num="49" count="2" type="stmt"/>
        <line num="69" count="1" type="stmt"/>
        <line num="71" count="1" type="stmt"/>
      </file>
      <file name="Display.tsx" path="/Users/sarahlewis/Devacademy/final-project/sims-final-project/client/components/Display.tsx">
        <metrics statements="12" coveredstatements="11" conditionals="2" coveredconditionals="2" methods="5" coveredmethods="4"/>
        <line num="1" count="1" type="stmt"/>
        <line num="2" count="1" type="stmt"/>
        <line num="6" count="4" type="stmt"/>
        <line num="7" count="4" type="stmt"/>
        <line num="8" count="2" type="stmt"/>
        <line num="9" count="2" type="stmt"/>
        <line num="10" count="0" type="stmt"/>
        <line num="13" count="4" type="stmt"/>
        <line num="16" count="4" type="cond" truecount="2" falsecount="0"/>
        <line num="17" count="2" type="stmt"/>
        <line num="19" count="2" type="stmt"/>
        <line num="26" count="1" type="stmt"/>
      </file>
      <file name="FinalPass.tsx" path="/Users/sarahlewis/Devacademy/final-project/sims-final-project/client/components/FinalPass.tsx">
        <metrics statements="5" coveredstatements="4" conditionals="0" coveredconditionals="0" methods="2" coveredmethods="1"/>
        <line num="1" count="2" type="stmt"/>
        <line num="4" count="3" type="stmt"/>
        <line num="6" count="3" type="stmt"/>
        <line num="9" count="0" type="stmt"/>
        <line num="14" count="2" type="stmt"/>
      </file>
      <file name="Home.tsx" path="/Users/sarahlewis/Devacademy/final-project/sims-final-project/client/components/Home.tsx">
        <metrics statements="15" coveredstatements="5" conditionals="0" coveredconditionals="0" methods="4" coveredmethods="1"/>
        <line num="1" count="1" type="stmt"/>
        <line num="2" count="1" type="stmt"/>
        <line num="3" count="1" type="stmt"/>
        <line num="6" count="9" type="stmt"/>
        <line num="7" count="0" type="stmt"/>
        <line num="8" count="0" type="stmt"/>
        <line num="9" count="0" type="stmt"/>
        <line num="12" count="0" type="stmt"/>
        <line num="13" count="0" type="stmt"/>
        <line num="17" count="0" type="stmt"/>
        <line num="20" count="0" type="stmt"/>
        <line num="21" count="0" type="stmt"/>
        <line num="22" count="0" type="stmt"/>
        <line num="25" count="0" type="stmt"/>
        <line num="84" count="1" type="stmt"/>
      </file>
      <file name="Hooks.ts" path="/Users/sarahlewis/Devacademy/final-project/sims-final-project/client/components/Hooks.ts">
        <metrics statements="44" coveredstatements="10" conditionals="9" coveredconditionals="0" methods="11" coveredmethods="1"/>
        <line num="1" count="1" type="stmt"/>
        <line num="3" count="1" type="stmt"/>
        <line num="4" count="2" type="stmt"/>
        <line num="6" count="2" type="stmt"/>
        <line num="8" count="2" type="stmt"/>
        <line num="9" count="2" type="stmt"/>
        <line num="10" count="2" type="stmt"/>
        <line num="12" count="2" type="stmt"/>
        <line num="14" count="2" type="stmt"/>
        <line num="15" count="0" type="stmt"/>
        <line num="16" count="0" type="cond" truecount="0" falsecount="1"/>
        <line num="17" count="0" type="stmt"/>
        <line num="19" count="0" type="cond" truecount="0" falsecount="1"/>
        <line num="20" count="0" type="stmt"/>
        <line num="26" count="0" type="cond" truecount="0" falsecount="1"/>
        <line num="27" count="0" type="cond" truecount="0" falsecount="1"/>
        <line num="28" count="0" type="stmt"/>
        <line num="33" count="0" type="stmt"/>
        <line num="34" count="0" type="stmt"/>
        <line num="35" count="0" type="stmt"/>
        <line num="36" count="0" type="stmt"/>
        <line num="40" count="0" type="stmt"/>
        <line num="41" count="0" type="cond" truecount="0" falsecount="1"/>
        <line num="42" count="0" type="stmt"/>
        <line num="43" count="0" type="stmt"/>
        <line num="44" count="0" type="cond" truecount="0" falsecount="1"/>
        <line num="45" count="0" type="stmt"/>
        <line num="48" count="0" type="stmt"/>
        <line num="49" count="0" type="stmt"/>
        <line num="53" count="0" type="cond" truecount="0" falsecount="1"/>
        <line num="54" count="0" type="stmt"/>
        <line num="55" count="0" type="stmt"/>
        <line num="57" count="0" type="stmt"/>
        <line num="58" count="0" type="stmt"/>
        <line num="62" count="0" type="stmt"/>
        <line num="63" count="0" type="stmt"/>
        <line num="64" count="0" type="stmt"/>
        <line num="66" count="0" type="stmt"/>
        <line num="67" count="0" type="stmt"/>
        <line num="71" count="0" type="cond" truecount="0" falsecount="2"/>
        <line num="72" count="0" type="stmt"/>
        <line num="73" count="0" type="stmt"/>
        <line num="78" count="0" type="stmt"/>
        <line num="82" count="2" type="stmt"/>
      </file>
      <file name="NextPlayer.tsx" path="/Users/sarahlewis/Devacademy/final-project/sims-final-project/client/components/NextPlayer.tsx">
        <metrics statements="7" coveredstatements="4" conditionals="2" coveredconditionals="0" methods="2" coveredmethods="1"/>
        <line num="1" count="2" type="stmt"/>
        <line num="7" count="4" type="stmt"/>
        <line num="10" count="0" type="cond" truecount="0" falsecount="2"/>
        <line num="11" count="0" type="stmt"/>
        <line num="12" count="0" type="stmt"/>
        <line num="15" count="4" type="stmt"/>
        <line num="23" count="2" type="stmt"/>
      </file>
      <file name="Pass.tsx" path="/Users/sarahlewis/Devacademy/final-project/sims-final-project/client/components/Pass.tsx">
        <metrics statements="8" coveredstatements="8" conditionals="2" coveredconditionals="2" methods="2" coveredmethods="2"/>
        <line num="1" count="1" type="stmt"/>
        <line num="2" count="1" type="stmt"/>
        <line num="3" count="1" type="stmt"/>
        <line num="4" count="1" type="stmt"/>
        <line num="7" count="2" type="stmt"/>
        <line num="8" count="2" type="stmt"/>
        <line num="10" count="2" type="stmt"/>
        <line num="21" count="1" type="stmt"/>
      </file>
      <file name="Start.tsx" path="/Users/sarahlewis/Devacademy/final-project/sims-final-project/client/components/Start.tsx">
        <metrics statements="7" coveredstatements="5" conditionals="0" coveredconditionals="0" methods="3" coveredmethods="1"/>
        <line num="1" count="1" type="stmt"/>
        <line num="2" count="1" type="stmt"/>
        <line num="5" count="7" type="stmt"/>
        <line num="8" count="0" type="stmt"/>
        <line num="9" count="0" type="stmt"/>
        <line num="12" count="6" type="stmt"/>
        <line num="40" count="1" type="stmt"/>
      </file>
      <file name="SubmitButton.tsx" path="/Users/sarahlewis/Devacademy/final-project/sims-final-project/client/components/SubmitButton.tsx">
        <metrics statements="12" coveredstatements="6" conditionals="0" coveredconditionals="0" methods="3" coveredmethods="1"/>
        <line num="1" count="3" type="stmt"/>
        <line num="2" count="3" type="stmt"/>
        <line num="4" count="3" type="stmt"/>
        <line num="7" count="35" type="stmt"/>
        <line num="8" count="32" type="stmt"/>
        <line num="9" count="0" type="stmt"/>
        <line num="12" count="0" type="stmt"/>
        <line num="13" count="0" type="stmt"/>
        <line num="14" count="0" type="stmt"/>
        <line num="15" count="0" type="stmt"/>
        <line num="18" count="0" type="stmt"/>
        <line num="28" count="3" type="stmt"/>
      </file>
      <file name="Write.tsx" path="/Users/sarahlewis/Devacademy/final-project/sims-final-project/client/components/Write.tsx">
        <metrics statements="15" coveredstatements="10" conditionals="2" coveredconditionals="1" methods="6" coveredmethods="1"/>
        <line num="1" count="1" type="stmt"/>
        <line num="2" count="1" type="stmt"/>
        <line num="3" count="1" type="stmt"/>
        <line num="4" count="1" type="stmt"/>
        <line num="8" count="9" type="stmt"/>
        <line num="9" count="8" type="stmt"/>
        <line num="10" count="8" type="stmt"/>
        <line num="12" count="8" type="stmt"/>
        <line num="13" count="0" type="stmt"/>
        <line num="14" count="0" type="stmt"/>
        <line num="15" count="0" type="stmt"/>
        <line num="19" count="0" type="stmt"/>
        <line num="20" count="0" type="stmt"/>
        <line num="23" count="8" type="stmt"/>
        <line num="41" count="1" type="stmt"/>
      </file>
    </package>
    <package name="client.slices">
      <metrics statements="6" coveredstatements="5" conditionals="0" coveredconditionals="0" methods="1" coveredmethods="0"/>
      <file name="game.ts" path="/Users/sarahlewis/Devacademy/final-project/sims-final-project/client/slices/game.ts">
        <metrics statements="6" coveredstatements="5" conditionals="0" coveredconditionals="0" methods="1" coveredmethods="0"/>
        <line num="1" count="2" type="stmt"/>
        <line num="7" count="2" type="stmt"/>
        <line num="9" count="2" type="stmt"/>
        <line num="14" count="0" type="stmt"/>
        <line num="19" count="2" type="stmt"/>
        <line num="20" count="2" type="stmt"/>
      </file>
    </package>
    <package name="server">
      <metrics statements="10" coveredstatements="9" conditionals="0" coveredconditionals="0" methods="1" coveredmethods="0"/>
      <file name="server.ts" path="/Users/sarahlewis/Devacademy/final-project/sims-final-project/server/server.ts">
        <metrics statements="10" coveredstatements="9" conditionals="0" coveredconditionals="0" methods="1" coveredmethods="0"/>
        <line num="1" count="1" type="stmt"/>
        <line num="2" count="1" type="stmt"/>
        <line num="4" count="1" type="stmt"/>
        <line num="6" count="1" type="stmt"/>
        <line num="8" count="1" type="stmt"/>
        <line num="9" count="1" type="stmt"/>
        <line num="11" count="1" type="stmt"/>
        <line num="13" count="1" type="stmt"/>
        <line num="14" count="0" type="stmt"/>
        <line num="17" count="1" type="stmt"/>
      </file>
    </package>
    <package name="server.db">
      <metrics statements="16" coveredstatements="15" conditionals="5" coveredconditionals="1" methods="5" coveredmethods="4"/>
      <file name="connection.ts" path="/Users/sarahlewis/Devacademy/final-project/sims-final-project/server/db/connection.ts">
        <metrics statements="5" coveredstatements="5" conditionals="2" coveredconditionals="1" methods="0" coveredmethods="0"/>
        <line num="1" count="2" type="stmt"/>
        <line num="2" count="2" type="stmt"/>
        <line num="5" count="2" type="cond" truecount="1" falsecount="1"/>
        <line num="6" count="2" type="stmt"/>
        <line num="8" count="2" type="stmt"/>
      </file>
      <file name="game.ts" path="/Users/sarahlewis/Devacademy/final-project/sims-final-project/server/db/game.ts">
        <metrics statements="7" coveredstatements="7" conditionals="3" coveredconditionals="0" methods="3" coveredmethods="3"/>
        <line num="1" count="2" type="stmt"/>
        <line num="9" count="2" type="cond" truecount="0" falsecount="1"/>
        <line num="10" count="2" type="stmt"/>
        <line num="13" count="2" type="cond" truecount="0" falsecount="1"/>
        <line num="14" count="1" type="stmt"/>
        <line num="17" count="2" type="cond" truecount="0" falsecount="1"/>
        <line num="18" count="1" type="stmt"/>
      </file>
      <file name="knexfile.js" path="/Users/sarahlewis/Devacademy/final-project/sims-final-project/server/db/knexfile.js">
        <metrics statements="4" coveredstatements="3" conditionals="0" coveredconditionals="0" methods="2" coveredmethods="1"/>
        <line num="1" count="2" type="stmt"/>
        <line num="3" count="2" type="stmt"/>
        <line num="11" count="0" type="stmt"/>
        <line num="28" count="1" type="stmt"/>
      </file>
    </package>
    <package name="server.db.migrations">
      <metrics statements="8" coveredstatements="7" conditionals="0" coveredconditionals="0" methods="3" coveredmethods="2"/>
      <file name="20230413044305_data.js" path="/Users/sarahlewis/Devacademy/final-project/sims-final-project/server/db/migrations/20230413044305_data.js">
        <metrics statements="8" coveredstatements="7" conditionals="0" coveredconditionals="0" methods="3" coveredmethods="2"/>
        <line num="5" count="1" type="stmt"/>
        <line num="6" count="1" type="stmt"/>
        <line num="7" count="1" type="stmt"/>
        <line num="8" count="1" type="stmt"/>
        <line num="9" count="1" type="stmt"/>
        <line num="10" count="1" type="stmt"/>
        <line num="18" count="1" type="stmt"/>
        <line num="19" count="0" type="stmt"/>
      </file>
    </package>
    <package name="server.db.seeds">
      <metrics statements="3" coveredstatements="3" conditionals="0" coveredconditionals="0" methods="1" coveredmethods="1"/>
      <file name="dataTest.js" path="/Users/sarahlewis/Devacademy/final-project/sims-final-project/server/db/seeds/dataTest.js">
        <metrics statements="3" coveredstatements="3" conditionals="0" coveredconditionals="0" methods="1" coveredmethods="1"/>
        <line num="5" count="1" type="stmt"/>
        <line num="7" count="3" type="stmt"/>
        <line num="8" count="3" type="stmt"/>
      </file>
    </package>
    <package name="server.routes">
      <metrics statements="21" coveredstatements="18" conditionals="3" coveredconditionals="0" methods="6" coveredmethods="6"/>
      <file name="game.ts" path="/Users/sarahlewis/Devacademy/final-project/sims-final-project/server/routes/game.ts">
        <metrics statements="21" coveredstatements="18" conditionals="3" coveredconditionals="0" methods="6" coveredmethods="6"/>
        <line num="1" count="1" type="stmt"/>
        <line num="2" count="1" type="stmt"/>
        <line num="3" count="1" type="stmt"/>
        <line num="6" count="1" type="stmt"/>
        <line num="7" count="1" type="stmt"/>
        <line num="8" count="1" type="stmt"/>
        <line num="9" count="1" type="stmt"/>
        <line num="11" count="0" type="cond" truecount="0" falsecount="1"/>
        <line num="15" count="1" type="stmt"/>
        <line num="16" count="1" type="stmt"/>
        <line num="17" count="1" type="stmt"/>
        <line num="18" count="1" type="stmt"/>
        <line num="19" count="1" type="stmt"/>
        <line num="21" count="0" type="cond" truecount="0" falsecount="1"/>
        <line num="25" count="1" type="stmt"/>
        <line num="26" count="1" type="stmt"/>
        <line num="27" count="1" type="stmt"/>
        <line num="28" count="1" type="stmt"/>
        <line num="29" count="1" type="stmt"/>
        <line num="31" count="0" type="cond" truecount="0" falsecount="1"/>
        <line num="35" count="1" type="stmt"/>
      </file>
    </package>
  </project>
</coverage>
