TN:
SF:client/hooks.ts
FNF:0
FNH:0
DA:2,1
DA:6,1
DA:7,1
LF:3
LH:3
BRF:0
BRH:0
end_of_record
TN:
SF:client/store.ts
FNF:0
FNH:0
DA:1,1
DA:3,1
DA:5,1
DA:9,1
DA:13,1
DA:14,1
DA:15,1
LF:7
LH:7
BRF:0
BRH:0
end_of_record
TN:
SF:client/test-utils.tsx
FN:9,renderWithRouter
FN:23,renderWithRedux
FNF:2
FNH:1
FNDA:0,renderWithRouter
FNDA:2,renderWithRedux
DA:2,1
DA:3,1
DA:5,1
DA:6,1
DA:7,1
DA:9,1
DA:13,0
DA:23,1
DA:39,2
LF:9
LH:8
BRDA:11,0,0,0
BRDA:11,1,0,0
BRDA:11,2,0,0
BRDA:25,3,0,0
BRDA:26,4,0,0
BRDA:27,5,0,0
BRDA:28,6,0,0
BRDA:29,7,0,2
BRF:8
BRH:1
end_of_record
TN:
SF:client/apis/api.ts
FN:6,getData
FN:11,getDataById
FN:16,addData
FNF:3
FNH:1
FNDA:0,getData
FNDA:6,getDataById
FNDA:0,addData
DA:1,4
DA:4,4
DA:6,4
DA:7,0
DA:8,0
DA:11,4
DA:12,6
DA:13,0
DA:16,4
DA:17,0
LF:10
LH:6
BRF:0
BRH:0
end_of_record
TN:
SF:client/components/Canvas.tsx
FN:16,Canvas
FN:20,onDraw
FN:24,drawLine
FN:40,handleClick
FN:45,(anonymous_5)
FNF:5
FNH:1
FNDA:2,Canvas
FNDA:0,onDraw
FNDA:0,drawLine
FNDA:0,handleClick
FNDA:0,(anonymous_5)
DA:1,2
DA:2,2
DA:3,2
DA:17,2
DA:18,2
DA:21,0
DA:31,0
DA:32,0
DA:33,0
DA:34,0
DA:35,0
DA:36,0
DA:37,0
DA:41,0
DA:42,0
DA:43,0
DA:44,0
DA:45,0
DA:49,2
DA:68,2
DA:70,2
LF:21
LH:8
BRDA:31,0,0,0
BRDA:31,0,1,0
BRDA:31,1,0,0
BRDA:31,1,1,0
BRDA:43,2,0,0
BRF:5
BRH:0
end_of_record
TN:
SF:client/components/Display.tsx
FN:5,Display
FN:7,(anonymous_1)
FN:9,(anonymous_2)
FN:10,(anonymous_3)
FN:15,(anonymous_4)
FNF:5
FNH:4
FNDA:4,Display
FNDA:2,(anonymous_1)
FNDA:2,(anonymous_2)
FNDA:0,(anonymous_3)
FNDA:4,(anonymous_4)
DA:1,1
DA:2,1
DA:6,4
DA:7,4
DA:8,2
DA:9,2
DA:10,0
DA:13,4
DA:16,4
DA:17,2
DA:19,2
DA:26,1
LF:12
LH:11
BRDA:16,0,0,2
BRDA:16,0,1,2
BRF:2
BRH:2
end_of_record
TN:
SF:client/components/Draw.tsx
FN:8,Draw
FN:12,(anonymous_2)
FN:14,(anonymous_3)
FN:15,(anonymous_4)
FNF:4
FNH:2
FNDA:1,Draw
FNDA:1,(anonymous_2)
FNDA:0,(anonymous_3)
FNDA:0,(anonymous_4)
DA:1,1
DA:2,1
DA:4,1
DA:5,1
DA:9,1
DA:10,1
DA:12,1
DA:13,1
DA:14,0
DA:15,0
DA:18,1
DA:26,1
LF:12
LH:10
BRF:0
BRH:0
end_of_record
TN:
SF:client/components/FinalPass.tsx
FN:3,FinalPass
FN:9,(anonymous_1)
FNF:2
FNH:1
FNDA:3,FinalPass
FNDA:0,(anonymous_1)
DA:1,2
DA:4,3
DA:6,3
DA:9,0
DA:14,2
LF:5
LH:4
BRF:0
BRH:0
end_of_record
TN:
SF:client/components/Home.tsx
FN:5,Home
FN:9,handleChange
FN:11,(anonymous_2)
FN:14,handleSubmit
FN:18,(anonymous_4)
FNF:5
FNH:1
FNDA:2,Home
FNDA:0,handleChange
FNDA:0,(anonymous_2)
FNDA:0,handleSubmit
FNDA:0,(anonymous_4)
DA:1,1
DA:3,1
DA:6,2
DA:7,2
DA:10,0
DA:11,0
DA:15,0
DA:18,0
DA:19,0
DA:22,2
DA:48,1
LF:11
LH:6
BRF:0
BRH:0
end_of_record
TN:
SF:client/components/Hooks.ts
FN:3,useOnDraw
FN:14,(anonymous_1)
FN:15,(anonymous_2)
FN:25,setCanvasRef
FN:39,initMouseMoveListener
FN:40,(anonymous_5)
FN:52,initMouseDownListener
FN:54,(anonymous_7)
FN:61,initMouseUpListener
FN:62,(anonymous_9)
FN:70,computePointInCavas
FNF:11
FNH:7
FNDA:2,useOnDraw
FNDA:2,(anonymous_1)
FNDA:2,(anonymous_2)
FNDA:4,setCanvasRef
FNDA:2,initMouseMoveListener
FNDA:0,(anonymous_5)
FNDA:2,initMouseDownListener
FNDA:0,(anonymous_7)
FNDA:2,initMouseUpListener
FNDA:0,(anonymous_9)
FNDA:0,computePointInCavas
DA:1,2
DA:3,2
DA:4,2
DA:6,2
DA:8,2
DA:9,2
DA:10,2
DA:12,2
DA:14,2
DA:15,2
DA:16,2
DA:17,2
DA:19,2
DA:20,2
DA:26,4
DA:27,2
DA:28,0
DA:33,2
DA:34,2
DA:35,2
DA:36,2
DA:40,2
DA:41,0
DA:42,0
DA:43,0
DA:44,0
DA:45,0
DA:48,2
DA:49,2
DA:53,2
DA:54,2
DA:55,0
DA:57,2
DA:58,2
DA:62,2
DA:63,0
DA:64,0
DA:66,2
DA:67,2
DA:71,0
DA:72,0
DA:73,0
DA:78,0
DA:82,2
LF:44
LH:31
BRDA:16,0,0,2
BRDA:19,1,0,2
BRDA:26,2,0,2
BRDA:27,3,0,0
BRDA:41,4,0,0
BRDA:44,5,0,0
BRDA:53,6,0,0
BRDA:71,7,0,0
BRDA:71,7,1,0
BRF:9
BRH:3
end_of_record
TN:
SF:client/components/NextPlayer.tsx
FN:6,NextPlayer
FN:9,handleSubmit
FNF:2
FNH:1
FNDA:4,NextPlayer
FNDA:0,handleSubmit
DA:1,2
DA:7,4
DA:10,0
DA:11,0
DA:12,0
DA:15,4
DA:23,2
LF:7
LH:4
BRDA:10,0,0,0
BRDA:10,0,1,0
BRF:2
BRH:0
end_of_record
TN:
SF:client/components/Pass.tsx
FN:6,Pass
FN:8,(anonymous_2)
FNF:2
FNH:2
FNDA:2,Pass
FNDA:2,(anonymous_2)
DA:1,1
DA:2,1
DA:3,1
DA:4,1
DA:7,2
DA:8,2
DA:10,2
DA:21,1
LF:8
LH:8
BRDA:12,0,0,1
BRDA:12,0,1,1
BRF:2
BRH:2
end_of_record
TN:
SF:client/components/Start.tsx
FN:4,Start
FN:7,handleChange
FN:9,(anonymous_3)
FNF:3
FNH:3
FNDA:4,Start
FNDA:1,handleChange
FNDA:1,(anonymous_3)
DA:1,1
DA:2,1
DA:5,4
DA:8,1
DA:9,1
DA:12,4
DA:40,1
LF:7
LH:7
BRF:0
BRH:0
end_of_record
TN:
SF:client/components/SubmitButton.tsx
FN:5,SubmitButton
FN:7,handleSubmit
FNF:2
FNH:1
FNDA:11,SubmitButton
FNDA:0,handleSubmit
DA:1,4
DA:2,4
DA:6,11
DA:8,0
DA:9,0
DA:10,0
DA:13,11
DA:23,4
LF:8
LH:5
BRF:0
BRH:0
end_of_record
TN:
SF:client/components/Write.tsx
FN:7,Write
FN:12,(anonymous_2)
FN:14,(anonymous_3)
FN:15,(anonymous_4)
FN:18,handleChange
FN:20,(anonymous_6)
FNF:6
FNH:4
FNDA:5,Write
FNDA:5,(anonymous_2)
FNDA:0,(anonymous_3)
FNDA:0,(anonymous_4)
FNDA:1,handleChange
FNDA:1,(anonymous_6)
DA:1,1
DA:2,1
DA:3,1
DA:4,1
DA:8,5
DA:9,5
DA:10,5
DA:12,5
DA:13,5
DA:14,0
DA:15,0
DA:19,1
DA:20,1
DA:23,5
DA:47,1
LF:15
LH:13
BRDA:25,0,0,5
BRDA:25,0,1,0
BRF:2
BRH:1
end_of_record
TN:
SF:client/slices/game.ts
FN:11,(anonymous_0)
FNF:1
FNH:0
FNDA:0,(anonymous_0)
DA:1,2
DA:7,2
DA:12,0
DA:17,2
DA:18,2
LF:5
LH:4
BRF:0
BRH:0
end_of_record
TN:
SF:server/server.ts
FN:13,(anonymous_1)
FNF:1
FNH:0
FNDA:0,(anonymous_1)
DA:1,1
DA:2,1
DA:4,1
DA:6,1
DA:8,1
DA:9,1
DA:11,1
DA:13,1
DA:14,0
DA:17,1
LF:10
LH:9
BRF:0
BRH:0
end_of_record
TN:
SF:server/db/connection.ts
FNF:0
FNH:0
DA:1,2
DA:2,2
DA:5,2
DA:6,2
DA:8,2
LF:5
LH:5
BRDA:5,0,0,2
BRDA:5,0,1,0
BRF:2
BRH:1
end_of_record
TN:
SF:server/db/game.ts
FN:9,getData
FN:13,getDataById
FN:17,addData
FNF:3
FNH:3
FNDA:2,getData
FNDA:1,getDataById
FNDA:1,addData
DA:1,2
DA:9,2
DA:10,2
DA:13,2
DA:14,1
DA:17,2
DA:18,1
LF:7
LH:7
BRDA:9,0,0,0
BRDA:13,1,0,0
BRDA:17,2,0,0
BRF:3
BRH:0
end_of_record
TN:
SF:server/db/knexfile.js
FN:11,(anonymous_0)
FN:28,(anonymous_1)
FNF:2
FNH:1
FNDA:0,(anonymous_0)
FNDA:1,(anonymous_1)
DA:1,2
DA:3,2
DA:11,0
DA:28,1
LF:4
LH:3
BRF:0
BRH:0
end_of_record
TN:
SF:server/db/migrations/20230413044305_data.js
FN:5,(anonymous_0)
FN:6,(anonymous_1)
FN:18,(anonymous_2)
FNF:3
FNH:2
FNDA:1,(anonymous_0)
FNDA:1,(anonymous_1)
FNDA:0,(anonymous_2)
DA:5,1
DA:6,1
DA:7,1
DA:8,1
DA:9,1
DA:10,1
DA:18,1
DA:19,0
LF:8
LH:7
BRF:0
BRH:0
end_of_record
TN:
SF:server/db/seeds/dataTest.js
FN:5,(anonymous_0)
FNF:1
FNH:1
FNDA:3,(anonymous_0)
DA:5,1
DA:7,3
DA:8,3
LF:3
LH:3
BRF:0
BRH:0
end_of_record
TN:
SF:server/routes/game.ts
FN:6,(anonymous_14)
FN:6,(anonymous_15)
FN:15,(anonymous_16)
FN:15,(anonymous_17)
FN:25,(anonymous_18)
FN:25,(anonymous_19)
FNF:6
FNH:6
FNDA:1,(anonymous_14)
FNDA:1,(anonymous_15)
FNDA:1,(anonymous_16)
FNDA:1,(anonymous_17)
FNDA:1,(anonymous_18)
FNDA:1,(anonymous_19)
DA:1,1
DA:2,1
DA:3,1
DA:6,1
DA:7,1
DA:8,1
DA:9,1
DA:11,0
DA:15,1
DA:16,1
DA:17,1
DA:18,1
DA:19,1
DA:21,0
DA:25,1
DA:26,1
DA:27,1
DA:28,1
DA:29,1
DA:31,0
DA:35,1
LF:21
LH:18
BRDA:11,0,0,0
BRDA:21,1,0,0
BRDA:31,2,0,0
BRF:3
BRH:0
end_of_record
